
*** Running vivado
    with args -log top_demo.vds -m64 -product Vivado -mode batch -messageDb vivado.pb -notrace -source top_demo.tcl



****** Vivado v2020.2 (64-bit)
  **** SW Build 3064766 on Wed Nov 18 09:12:45 MST 2020
  **** IP Build 3064653 on Wed Nov 18 14:17:31 MST 2020
    ** Copyright 1986-2020 Xilinx, Inc. All Rights Reserved.

source top_demo.tcl -notrace
Command: synth_design -top top_demo -part xc7z020clg484-1
Starting synth_design
Attempting to get a license for feature 'Synthesis' and/or device 'xc7z020'
INFO: [Common 17-349] Got license for feature 'Synthesis' and/or device 'xc7z020'
INFO: [Device 21-403] Loading part xc7z020clg484-1
INFO: [Synth 8-7079] Multithreading enabled for synth_design using a maximum of 2 processes.
INFO: [Synth 8-7078] Launching helper process for spawning children vivado processes
INFO: [Synth 8-7075] Helper process launched with PID 7016
---------------------------------------------------------------------------------
Starting RTL Elaboration : Time (s): cpu = 00:00:02 ; elapsed = 00:00:03 . Memory (MB): peak = 1126.781 ; gain = 20.496
---------------------------------------------------------------------------------
INFO: [Synth 8-6157] synthesizing module 'top_demo' [C:/Users/kadcook/Desktop/Final-Project-2.0/Vivado/project_1/project_1.srcs/sources_1/new/top_demo.sv:23]
INFO: [Synth 8-6157] synthesizing module 'clk_div' [C:/Users/kadcook/Desktop/Final-Project-2.0/OurSV/clk_div.sv:1]
INFO: [Synth 8-6155] done synthesizing module 'clk_div' (1#1) [C:/Users/kadcook/Desktop/Final-Project-2.0/OurSV/clk_div.sv:1]
INFO: [Synth 8-6157] synthesizing module 'gameOfLife' [C:/Users/kadcook/Desktop/Final-Project-2.0/OurSV/gameOfLife.sv:1]
INFO: [Synth 8-6157] synthesizing module 'lfsr64' [C:/Users/kadcook/Desktop/Final-Project-2.0/OurSV/lfsr.sv:20]
INFO: [Synth 8-6157] synthesizing module 'lfsr' [C:/Users/kadcook/Desktop/Final-Project-2.0/OurSV/lfsr.sv:2]
INFO: [Synth 8-6155] done synthesizing module 'lfsr' (2#1) [C:/Users/kadcook/Desktop/Final-Project-2.0/OurSV/lfsr.sv:2]
INFO: [Synth 8-6155] done synthesizing module 'lfsr64' (3#1) [C:/Users/kadcook/Desktop/Final-Project-2.0/OurSV/lfsr.sv:20]
INFO: [Synth 8-6157] synthesizing module 'flopenr' [C:/Users/kadcook/Desktop/Final-Project-2.0/SV/flopenr.sv:27]
	Parameter WIDTH bound to: 64 - type: integer 
INFO: [Synth 8-6155] done synthesizing module 'flopenr' (4#1) [C:/Users/kadcook/Desktop/Final-Project-2.0/SV/flopenr.sv:27]
ERROR: [Synth 8-349] instance 'dut2' of module 'flopenr' passed 6 connections, but takes just 5 [C:/Users/kadcook/Desktop/Final-Project-2.0/OurSV/gameOfLife.sv:7]
INFO: [Synth 8-6157] synthesizing module 'datapath' [C:/Users/kadcook/Desktop/Final-Project-2.0/SV/datapath.sv:7]
INFO: [Synth 8-6157] synthesizing module 'evolve3' [C:/Users/kadcook/Desktop/Final-Project-2.0/SV/datapath.sv:88]
INFO: [Synth 8-6157] synthesizing module 'rules' [C:/Users/kadcook/Desktop/Final-Project-2.0/SV/datapath.sv:147]
ERROR: [Synth 8-6156] failed synthesizing module 'rules' [C:/Users/kadcook/Desktop/Final-Project-2.0/SV/datapath.sv:147]
ERROR: [Synth 8-6156] failed synthesizing module 'evolve3' [C:/Users/kadcook/Desktop/Final-Project-2.0/SV/datapath.sv:88]
ERROR: [Synth 8-6156] failed synthesizing module 'datapath' [C:/Users/kadcook/Desktop/Final-Project-2.0/SV/datapath.sv:7]
ERROR: [Synth 8-6156] failed synthesizing module 'gameOfLife' [C:/Users/kadcook/Desktop/Final-Project-2.0/OurSV/gameOfLife.sv:1]
ERROR: [Synth 8-6156] failed synthesizing module 'top_demo' [C:/Users/kadcook/Desktop/Final-Project-2.0/Vivado/project_1/project_1.srcs/sources_1/new/top_demo.sv:23]
---------------------------------------------------------------------------------
Finished RTL Elaboration : Time (s): cpu = 00:00:03 ; elapsed = 00:00:03 . Memory (MB): peak = 1181.559 ; gain = 75.273
---------------------------------------------------------------------------------
RTL Elaboration failed
INFO: [Common 17-83] Releasing license: Synthesis
19 Infos, 0 Warnings, 0 Critical Warnings and 7 Errors encountered.
synth_design failed
ERROR: [Common 17-69] Command failed: Synthesis failed - please see the console or run log file for details
INFO: [Common 17-206] Exiting Vivado at Fri May  3 15:21:56 2024...
